[debug] [2022-11-24T04:43:01.733Z] ----------------------------------------------------------------------
[debug] [2022-11-24T04:43:01.736Z] Command:       D:\ApplicationFile\NodeJs\node.exe C:\Users\sHiddo\AppData\Roaming\npm\node_modules\firebase-tools\lib\bin\firebase.js init
[debug] [2022-11-24T04:43:01.737Z] CLI Version:   11.16.1
[debug] [2022-11-24T04:43:01.738Z] Platform:      win32
[debug] [2022-11-24T04:43:01.738Z] Node Version:  v16.15.0
[debug] [2022-11-24T04:43:01.740Z] Time:          Wed Nov 23 2022 20:43:01 GMT-0800 (GMT-08:00)
[debug] [2022-11-24T04:43:01.741Z] ----------------------------------------------------------------------
[debug] 
[debug] [2022-11-24T04:43:01.759Z] > command requires scopes: ["email","openid","https://www.googleapis.com/auth/cloudplatformprojects.readonly","https://www.googleapis.com/auth/firebase","https://www.googleapis.com/auth/cloud-platform"]
[debug] [2022-11-24T04:43:01.760Z] > authorizing via signed-in user (mygithub06@gmail.com)
[info] 
     ######## #### ########  ######## ########     ###     ######  ########
     ##        ##  ##     ## ##       ##     ##  ##   ##  ##       ##
     ######    ##  ########  ######   ########  #########  ######  ######
     ##        ##  ##    ##  ##       ##     ## ##     ##       ## ##
     ##       #### ##     ## ######## ########  ##     ##  ######  ########

You're about to initialize a Firebase project in this directory:

  D:\ApplicationFile\Xampp\htdocs\LavaLust_crud

[info] 
=== Project Setup
[info] 
[info] First, let's associate this project directory with a Firebase project.
[info] You can create multiple project aliases by running firebase use --add, 
[info] but for now we'll just set up a default project.
[info] 
[info] i  If you want to create a project in a Google Cloud organization or folder, please use "firebase projects:create" instead, and return to this command when you've created the project. 
[debug] [2022-11-24T04:44:48.789Z] >>> [apiv2][query] POST https://cloudresourcemanager.googleapis.com/v1/projects [none]
[debug] [2022-11-24T04:44:48.790Z] >>> [apiv2][body] POST https://cloudresourcemanager.googleapis.com/v1/projects {"projectId":"firebase projects:create","name":"Lavalust"}
[debug] [2022-11-24T04:44:50.068Z] <<< [apiv2][status] POST https://cloudresourcemanager.googleapis.com/v1/projects 400
[debug] [2022-11-24T04:44:50.069Z] <<< [apiv2][body] POST https://cloudresourcemanager.googleapis.com/v1/projects {"error":{"code":400,"message":"field [project_id] has issue [Cannot create domain prefixed projects]","status":"INVALID_ARGUMENT","details":[{"@type":"type.googleapis.com/google.rpc.BadRequest","fieldViolations":[{"field":"project_id","description":"Cannot create domain prefixed projects"}]},{"@type":"type.googleapis.com/google.rpc.Help","links":[{"url":"https://cloud.google.com/resource-manager/reference/rest/v1/projects"}]}]}}
[debug] [2022-11-24T04:44:50.411Z] FirebaseError: HTTP Error: 400, field [project_id] has issue [Cannot create domain prefixed projects]
    at responseToError (C:\Users\sHiddo\AppData\Roaming\npm\node_modules\firebase-tools\lib\responseToError.js:49:12)
    at RetryOperation._fn (C:\Users\sHiddo\AppData\Roaming\npm\node_modules\firebase-tools\lib\apiv2.js:288:77)
    at processTicksAndRejections (node:internal/process/task_queues:96:5)
[error] 
[error] Error: Failed to create project. See firebase-debug.log for more info.
